ERROR: SQLSTATE[HY000] [2013] Lost connection to MySQL server at 'handshake: reading initial communication packet', system error: 104 - /complexx/checkSESSION.php at Friday 29th of January, 2021, 05:43:47 AM
ERROR: SQLSTATE[HY000] [2013] Lost connection to MySQL server at 'handshake: reading initial communication packet', system error: 104 - /complexx/totalOnlines.php at Friday 29th of January, 2021, 05:43:47 AM
ERROR: SQLSTATE[HY000] [2002] Can't connect to local MySQL server through socket '/var/lib/mysql/mysql.sock' (111) - /complexx/totalOnlines.php at Friday 29th of January, 2021, 05:43:47 AM
ERROR: SQLSTATE[HY000] [2002] Can't connect to local MySQL server through socket '/var/lib/mysql/mysql.sock' (111) - /complexx/Complexcheck.php?username=Stressing at Friday 29th of January, 2021, 05:43:47 AM
ERROR: SQLSTATE[HY000] [2002] Can't connect to local MySQL server through socket '/var/lib/mysql/mysql.sock' (111) - /complexx/totalOnlines.php at Friday 29th of January, 2021, 05:43:47 AM
ERROR: SQLSTATE[HY000] [2002] Can't connect to local MySQL server through socket '/var/lib/mysql/mysql.sock' (111) - /complexx/totalOnlines.php at Friday 29th of January, 2021, 05:43:47 AM
ERROR: SQLSTATE[HY000] [2002] Can't connect to local MySQL server through socket '/var/lib/mysql/mysql.sock' (111) - /complexx/totalOnlines.php at Friday 29th of January, 2021, 05:43:47 AM
ERROR: SQLSTATE[HY000] [2002] Can't connect to local MySQL server through socket '/var/lib/mysql/mysql.sock' (111) - /complexx/totalOnlines.php at Friday 29th of January, 2021, 05:43:47 AM
ERROR: SQLSTATE[HY000] [2002] Can't connect to local MySQL server through socket '/var/lib/mysql/mysql.sock' (111) - /complexx/totalOnlines.php at Friday 29th of January, 2021, 05:43:47 AM
ERROR: SQLSTATE[HY000] [2002] Can't connect to local MySQL server through socket '/var/lib/mysql/mysql.sock' (111) - /complexx/totalOnlines.php at Friday 29th of January, 2021, 05:43:47 AM
ERROR: SQLSTATE[HY000] [2002] Can't connect to local MySQL server through socket '/var/lib/mysql/mysql.sock' (111) - /complexx/totalOnlines.php at Friday 29th of January, 2021, 05:43:47 AM
ERROR: SQLSTATE[HY000] [2002] Can't connect to local MySQL server through socket '/var/lib/mysql/mysql.sock' (111) - /complexx/totalOnlines.php at Friday 29th of January, 2021, 05:43:47 AM
ERROR: SQLSTATE[HY000] [2002] Can't connect to local MySQL server through socket '/var/lib/mysql/mysql.sock' (111) - /complexx/totalOnlines.php at Friday 29th of January, 2021, 05:43:47 AM
ERROR: SQLSTATE[HY000] [2002] Can't connect to local MySQL server through socket '/var/lib/mysql/mysql.sock' (111) - /complexx/totalOnlines.php at Friday 29th of January, 2021, 05:43:47 AM
ERROR: SQLSTATE[HY000] [2002] Can't connect to local MySQL server through socket '/var/lib/mysql/mysql.sock' (111) - /complexx/totalOnlines.php at Friday 29th of January, 2021, 05:43:47 AM
ERROR: SQLSTATE[HY000] [2002] Can't connect to local MySQL server through socket '/var/lib/mysql/mysql.sock' (111) - /complexx/totalOnlines.php at Friday 29th of January, 2021, 05:43:47 AM
ERROR: SQLSTATE[HY000] [2002] Can't connect to local MySQL server through socket '/var/lib/mysql/mysql.sock' (111) - /complexx/totalOnlines.php at Friday 29th of January, 2021, 05:43:47 AM
ERROR: SQLSTATE[HY000] [2002] Can't connect to local MySQL server through socket '/var/lib/mysql/mysql.sock' (111) - /complexx/totalOnlines.php at Friday 29th of January, 2021, 05:43:47 AM
ERROR: SQLSTATE[HY000] [2002] Can't connect to local MySQL server through socket '/var/lib/mysql/mysql.sock' (111) - /complexx/totalOnlines.php at Friday 29th of January, 2021, 05:43:47 AM
ERROR: SQLSTATE[HY000] [2002] Can't connect to local MySQL server through socket '/var/lib/mysql/mysql.sock' (111) - /complexx/totalOnlines.php at Friday 29th of January, 2021, 05:43:47 AM
ERROR: SQLSTATE[HY000] [2002] Can't connect to local MySQL server through socket '/var/lib/mysql/mysql.sock' (111) - /complexx/totalOnlines.php at Friday 29th of January, 2021, 05:43:47 AM
ERROR: SQLSTATE[HY000] [2002] Can't connect to local MySQL server through socket '/var/lib/mysql/mysql.sock' (111) - /complexx/totalOnlines.php at Friday 29th of January, 2021, 05:43:47 AM
ERROR: SQLSTATE[HY000] [2002] Can't connect to local MySQL server through socket '/var/lib/mysql/mysql.sock' (111) - /complexx/totalOnlines.php at Friday 29th of January, 2021, 05:43:48 AM
ERROR: SQLSTATE[HY000] [2002] Can't connect to local MySQL server through socket '/var/lib/mysql/mysql.sock' (111) - /complexx/totalOnlines.php at Friday 29th of January, 2021, 05:43:48 AM
ERROR: SQLSTATE[HY000] [2002] Can't connect to local MySQL server through socket '/var/lib/mysql/mysql.sock' (111) - /complexx/totalOnlines.php at Friday 29th of January, 2021, 05:43:48 AM
ERROR: SQLSTATE[HY000] [2002] Can't connect to local MySQL server through socket '/var/lib/mysql/mysql.sock' (111) - /complexx/totalOnlines.php at Friday 29th of January, 2021, 05:43:51 AM
ERROR: SQLSTATE[HY000] [2002] Can't connect to local MySQL server through socket '/var/lib/mysql/mysql.sock' (111) - /complexx/totalOnlines.php at Friday 29th of January, 2021, 05:43:55 AM
ERROR: SQLSTATE[HY000] [2002] Can't connect to local MySQL server through socket '/var/lib/mysql/mysql.sock' (111) - /complexx/totalOnlines.php at Friday 29th of January, 2021, 05:43:57 AM
ERROR: SQLSTATE[HY000] [2002] Can't connect to local MySQL server through socket '/var/lib/mysql/mysql.sock' (111) - /complexx/totalOnlines.php at Friday 29th of January, 2021, 05:44:03 AM
ERROR: SQLSTATE[HY000] [2002] Can't connect to local MySQL server through socket '/var/lib/mysql/mysql.sock' (111) - /complexx/totalOnlines.php at Friday 29th of January, 2021, 05:44:05 AM
ERROR: SQLSTATE[HY000] [2002] Can't connect to local MySQL server through socket '/var/lib/mysql/mysql.sock' (111) - /complexx/Complexcheck.php?username=Stressing at Friday 29th of January, 2021, 05:44:06 AM
ERROR: SQLSTATE[HY000] [2002] Can't connect to local MySQL server through socket '/var/lib/mysql/mysql.sock' (111) - /complexx/totalOnlines.php at Friday 29th of January, 2021, 05:44:07 AM
ERROR: SQLSTATE[HY000] [2002] Can't connect to local MySQL server through socket '/var/lib/mysql/mysql.sock' (111) - /complexx/totalOnlines.php at Friday 29th of January, 2021, 05:44:16 AM
ERROR: SQLSTATE[HY000] [2002] Can't connect to local MySQL server through socket '/var/lib/mysql/mysql.sock' (111) - /complexx/Complexcheck.php?username=FxMaaS at Friday 29th of January, 2021, 05:44:16 AM
ERROR: SQLSTATE[HY000] [2002] Can't connect to local MySQL server through socket '/var/lib/mysql/mysql.sock' (111) - /complexx/totalOnlines.php at Friday 29th of January, 2021, 05:44:16 AM
ERROR: SQLSTATE[HY000] [2002] Can't connect to local MySQL server through socket '/var/lib/mysql/mysql.sock' (111) - /complexx/totalOnlines.php at Friday 29th of January, 2021, 05:44:19 AM
ERROR: SQLSTATE[HY000] [2002] Can't connect to local MySQL server through socket '/var/lib/mysql/mysql.sock' (111) - /complexx/totalOnlines.php at Friday 29th of January, 2021, 05:44:19 AM
ERROR: SQLSTATE[HY000] [2002] Can't connect to local MySQL server through socket '/var/lib/mysql/mysql.sock' (111) - /complexx/Complexcheck.php?username=Stressing at Friday 29th of January, 2021, 05:44:20 AM
ERROR: SQLSTATE[HY000] [2002] Can't connect to local MySQL server through socket '/var/lib/mysql/mysql.sock' (111) - /complexx/checkSESSION.php at Friday 29th of January, 2021, 05:44:22 AM
ERROR: SQLSTATE[HY000] [2002] Can't connect to local MySQL server through socket '/var/lib/mysql/mysql.sock' (2) - /panel/complexx/Complexload.php at Tuesday 31st of May, 2022, 07:48:46 PM
ERROR: SQLSTATE[HY000] [2002] Can't connect to local MySQL server through socket '/var/lib/mysql/mysql.sock' (2) - /panel/complexx/Complexload.php at Tuesday 31st of May, 2022, 07:48:47 PM
ERROR: SQLSTATE[HY000] [2002] Can't connect to local MySQL server through socket '/var/lib/mysql/mysql.sock' (2) - /panel/complexx/Complexload.php at Tuesday 31st of May, 2022, 07:48:48 PM
ERROR: could not find driver - /panel/complexx/Complexload.php at Wednesday 1st of June, 2022, 07:39:13 AM
ERROR: SQLSTATE[HY000] [2002] Can't connect to local MySQL server through socket '/var/lib/mysql/mysql.sock' (2) - /panel/complexx/Complexload.php at Thursday 23rd of June, 2022, 07:47:53 PM
ERROR: SQLSTATE[HY000] [2002] Can't connect to local MySQL server through socket '/var/lib/mysql/mysql.sock' (2) - /panel/complexx/Complexload.php at Thursday 23rd of June, 2022, 07:47:53 PM
ERROR: SQLSTATE[HY000] [2002] Can't connect to local MySQL server through socket '/var/lib/mysql/mysql.sock' (2) - /panel/complexx/Complexload.php at Thursday 23rd of June, 2022, 07:47:54 PM
ERROR: SQLSTATE[HY000] [2002] Can't connect to local MySQL server through socket '/var/lib/mysql/mysql.sock' (2) - /panel/complexx/Complexload.php at Thursday 23rd of June, 2022, 07:47:54 PM
ERROR: SQLSTATE[HY000] [2002] Can't connect to local MySQL server through socket '/var/lib/mysql/mysql.sock' (2) - /panel/complexx/Complexload.php at Thursday 23rd of June, 2022, 07:47:55 PM
ERROR: SQLSTATE[HY000] [2002] Can't connect to local MySQL server through socket '/var/lib/mysql/mysql.sock' (2) - /panel/complexx/Complexload.php at Thursday 23rd of June, 2022, 07:47:55 PM
ERROR: SQLSTATE[HY000] [2002] Can't connect to local MySQL server through socket '/var/lib/mysql/mysql.sock' (2) - /panel/complexx/Complexload.php at Thursday 23rd of June, 2022, 07:47:56 PM
ERROR: SQLSTATE[HY000] [2002] Can't connect to local MySQL server through socket '/var/lib/mysql/mysql.sock' (2) - /panel/complexx/Complexload.php at Thursday 23rd of June, 2022, 07:47:56 PM
ERROR: SQLSTATE[HY000] [2002] Can't connect to local MySQL server through socket '/var/lib/mysql/mysql.sock' (2) - /panel/complexx/Complexload.php at Thursday 23rd of June, 2022, 07:47:57 PM
ERROR: SQLSTATE[HY000] [2002] Can't connect to local MySQL server through socket '/var/lib/mysql/mysql.sock' (2) - /panel/complexx/Complexload.php at Thursday 23rd of June, 2022, 07:47:57 PM
ERROR: SQLSTATE[HY000] [2002] Can't connect to local MySQL server through socket '/var/lib/mysql/mysql.sock' (2) - /panel/complexx/Complexload.php at Thursday 23rd of June, 2022, 07:47:58 PM
ERROR: SQLSTATE[HY000] [2002] Can't connect to local MySQL server through socket '/var/lib/mysql/mysql.sock' (2) - /panel/complexx/Complexload.php at Thursday 23rd of June, 2022, 07:47:59 PM
ERROR: SQLSTATE[HY000] [2002] Can't connect to local MySQL server through socket '/var/lib/mysql/mysql.sock' (2) - /panel/complexx/Complexload.php at Thursday 23rd of June, 2022, 07:47:59 PM
ERROR: SQLSTATE[HY000] [2002] Can't connect to local MySQL server through socket '/var/lib/mysql/mysql.sock' (2) - /panel/complexx/Complexload.php at Saturday 9th of July, 2022, 11:15:13 AM
ERROR: SQLSTATE[HY000] [2002] Can't connect to local MySQL server through socket '/var/lib/mysql/mysql.sock' (2) - /panel/complexx/Complexload.php at Saturday 9th of July, 2022, 11:16:13 AM
ERROR: SQLSTATE[HY000] [2002] Can't connect to local MySQL server through socket '/var/lib/mysql/mysql.sock' (2) - /panel/complexx/Complexload.php at Saturday 9th of July, 2022, 11:17:13 AM
ERROR: SQLSTATE[HY000] [2002] Can't connect to local MySQL server through socket '/var/lib/mysql/mysql.sock' (2) - /panel/complexx/Complexload.php at Saturday 9th of July, 2022, 11:18:13 AM
ERROR: SQLSTATE[HY000] [2002] Can't connect to local MySQL server through socket '/var/lib/mysql/mysql.sock' (2) - /panel/complexx/Complexload.php at Saturday 9th of July, 2022, 11:20:13 AM
ERROR: SQLSTATE[HY000] [2002] Can't connect to local MySQL server through socket '/var/lib/mysql/mysql.sock' (2) - /panel/complexx/Complexload.php at Saturday 9th of July, 2022, 11:21:13 AM
ERROR: SQLSTATE[HY000] [2002] Can't connect to local MySQL server through socket '/var/lib/mysql/mysql.sock' (2) - /panel/complexx/Complexload.php at Saturday 9th of July, 2022, 11:22:13 AM
ERROR: SQLSTATE[HY000] [2002] Can't connect to local MySQL server through socket '/var/lib/mysql/mysql.sock' (2) - /panel/complexx/Complexload.php at Saturday 9th of July, 2022, 11:23:13 AM
ERROR: SQLSTATE[HY000] [2002] Can't connect to local MySQL server through socket '/var/lib/mysql/mysql.sock' (2) - /panel/complexx/Complexload.php at Tuesday 12th of July, 2022, 03:05:15 PM
ERROR: SQLSTATE[HY000] [2002] Can't connect to local MySQL server through socket '/var/lib/mysql/mysql.sock' (2) - /panel/complexx/Complexload.php at Tuesday 12th of July, 2022, 03:06:31 PM
ERROR: SQLSTATE[HY000] [2002] Can't connect to local MySQL server through socket '/var/lib/mysql/mysql.sock' (2) - /panel/complexx/Complexload.php at Tuesday 12th of July, 2022, 03:07:14 PM
ERROR: SQLSTATE[HY000] [2002] Can't connect to local MySQL server through socket '/var/lib/mysql/mysql.sock' (2) - /panel/complexx/Complexload.php at Tuesday 12th of July, 2022, 03:29:34 PM
ERROR: SQLSTATE[HY000] [2002] Can't connect to local MySQL server through socket '/var/lib/mysql/mysql.sock' (2) - /panel/complexx/Complexload.php at Tuesday 12th of July, 2022, 03:29:35 PM
